<?xml version="1.0" encoding="UTF-8"?>
<!-- Generated by org.testng.reporters.JUnitXMLReporter -->
<testsuite ignored="0" hostname="Umesha-K" failures="0" tests="3" name="TestRunner1" time="48.999" errors="0" timestamp="2023-04-12T23:02:47 IST">
  <testcase classname="campaign.CreateCampignTest$CreateproductTest" name="CreateproductTest" time="15.982"/>
  <testcase classname="campaign.CreateCampignTest" name="CreateCampignTest" time="21.724"/>
  <testcase classname="campaign.CreateCampignTest" name="method1" time="0.002"/>
</testsuite> <!-- TestRunner1 -->
